[2025-02-09T09:45:44.449+0000] {processor.py:186} INFO - Started process (PID=62) to work on /opt/airflow/dags/reddit_dag.py
[2025-02-09T09:45:44.451+0000] {processor.py:914} INFO - Processing file /opt/airflow/dags/reddit_dag.py for tasks to queue
[2025-02-09T09:45:44.454+0000] {logging_mixin.py:190} INFO - [2025-02-09T09:45:44.454+0000] {dagbag.py:588} INFO - Filling up the DagBag from /opt/airflow/dags/reddit_dag.py
[2025-02-09T09:45:46.388+0000] {processor.py:925} INFO - DAG(s) 'etl_reddit_pipeline' retrieved from /opt/airflow/dags/reddit_dag.py
[2025-02-09T09:45:46.833+0000] {logging_mixin.py:190} INFO - [2025-02-09T09:45:46.832+0000] {dag.py:3239} INFO - Sync 1 DAGs
[2025-02-09T09:45:46.979+0000] {logging_mixin.py:190} INFO - [2025-02-09T09:45:46.978+0000] {dag.py:4180} INFO - Setting next_dagrun for etl_reddit_pipeline to 2025-02-09 00:00:00+00:00, run_after=2025-02-10 00:00:00+00:00
[2025-02-09T09:45:47.063+0000] {processor.py:208} INFO - Processing /opt/airflow/dags/reddit_dag.py took 2.623 seconds
[2025-02-09T09:46:17.583+0000] {processor.py:186} INFO - Started process (PID=85) to work on /opt/airflow/dags/reddit_dag.py
[2025-02-09T09:46:17.585+0000] {processor.py:914} INFO - Processing file /opt/airflow/dags/reddit_dag.py for tasks to queue
[2025-02-09T09:46:17.587+0000] {logging_mixin.py:190} INFO - [2025-02-09T09:46:17.587+0000] {dagbag.py:588} INFO - Filling up the DagBag from /opt/airflow/dags/reddit_dag.py
[2025-02-09T09:46:18.006+0000] {processor.py:925} INFO - DAG(s) 'etl_reddit_pipeline' retrieved from /opt/airflow/dags/reddit_dag.py
[2025-02-09T09:46:18.026+0000] {logging_mixin.py:190} INFO - [2025-02-09T09:46:18.025+0000] {dag.py:3239} INFO - Sync 1 DAGs
[2025-02-09T09:46:18.047+0000] {logging_mixin.py:190} INFO - [2025-02-09T09:46:18.046+0000] {dag.py:4180} INFO - Setting next_dagrun for etl_reddit_pipeline to 2025-02-09 00:00:00+00:00, run_after=2025-02-10 00:00:00+00:00
[2025-02-09T09:46:18.070+0000] {processor.py:208} INFO - Processing /opt/airflow/dags/reddit_dag.py took 0.494 seconds
[2025-02-09T09:46:48.240+0000] {processor.py:186} INFO - Started process (PID=95) to work on /opt/airflow/dags/reddit_dag.py
[2025-02-09T09:46:48.241+0000] {processor.py:914} INFO - Processing file /opt/airflow/dags/reddit_dag.py for tasks to queue
[2025-02-09T09:46:48.244+0000] {logging_mixin.py:190} INFO - [2025-02-09T09:46:48.244+0000] {dagbag.py:588} INFO - Filling up the DagBag from /opt/airflow/dags/reddit_dag.py
[2025-02-09T09:46:48.710+0000] {processor.py:925} INFO - DAG(s) 'etl_reddit_pipeline' retrieved from /opt/airflow/dags/reddit_dag.py
[2025-02-09T09:46:48.729+0000] {logging_mixin.py:190} INFO - [2025-02-09T09:46:48.728+0000] {dag.py:3239} INFO - Sync 1 DAGs
[2025-02-09T09:46:48.747+0000] {logging_mixin.py:190} INFO - [2025-02-09T09:46:48.747+0000] {dag.py:4180} INFO - Setting next_dagrun for etl_reddit_pipeline to 2025-02-09 00:00:00+00:00, run_after=2025-02-10 00:00:00+00:00
[2025-02-09T09:46:48.769+0000] {processor.py:208} INFO - Processing /opt/airflow/dags/reddit_dag.py took 0.536 seconds
[2025-02-09T09:47:19.079+0000] {processor.py:186} INFO - Started process (PID=104) to work on /opt/airflow/dags/reddit_dag.py
[2025-02-09T09:47:19.080+0000] {processor.py:914} INFO - Processing file /opt/airflow/dags/reddit_dag.py for tasks to queue
[2025-02-09T09:47:19.083+0000] {logging_mixin.py:190} INFO - [2025-02-09T09:47:19.083+0000] {dagbag.py:588} INFO - Filling up the DagBag from /opt/airflow/dags/reddit_dag.py
[2025-02-09T09:47:19.549+0000] {processor.py:925} INFO - DAG(s) 'etl_reddit_pipeline' retrieved from /opt/airflow/dags/reddit_dag.py
[2025-02-09T09:47:19.569+0000] {logging_mixin.py:190} INFO - [2025-02-09T09:47:19.569+0000] {dag.py:3239} INFO - Sync 1 DAGs
[2025-02-09T09:47:19.595+0000] {logging_mixin.py:190} INFO - [2025-02-09T09:47:19.595+0000] {dag.py:4180} INFO - Setting next_dagrun for etl_reddit_pipeline to 2025-02-09 00:00:00+00:00, run_after=2025-02-10 00:00:00+00:00
[2025-02-09T09:47:19.624+0000] {processor.py:208} INFO - Processing /opt/airflow/dags/reddit_dag.py took 0.550 seconds
[2025-02-09T09:47:49.927+0000] {processor.py:186} INFO - Started process (PID=113) to work on /opt/airflow/dags/reddit_dag.py
[2025-02-09T09:47:49.928+0000] {processor.py:914} INFO - Processing file /opt/airflow/dags/reddit_dag.py for tasks to queue
[2025-02-09T09:47:49.931+0000] {logging_mixin.py:190} INFO - [2025-02-09T09:47:49.931+0000] {dagbag.py:588} INFO - Filling up the DagBag from /opt/airflow/dags/reddit_dag.py
[2025-02-09T09:47:50.412+0000] {processor.py:925} INFO - DAG(s) 'etl_reddit_pipeline' retrieved from /opt/airflow/dags/reddit_dag.py
[2025-02-09T09:47:50.434+0000] {logging_mixin.py:190} INFO - [2025-02-09T09:47:50.433+0000] {dag.py:3239} INFO - Sync 1 DAGs
[2025-02-09T09:47:50.462+0000] {logging_mixin.py:190} INFO - [2025-02-09T09:47:50.462+0000] {dag.py:4180} INFO - Setting next_dagrun for etl_reddit_pipeline to 2025-02-09 00:00:00+00:00, run_after=2025-02-10 00:00:00+00:00
[2025-02-09T09:47:50.490+0000] {processor.py:208} INFO - Processing /opt/airflow/dags/reddit_dag.py took 0.569 seconds
[2025-02-09T09:48:20.654+0000] {processor.py:186} INFO - Started process (PID=122) to work on /opt/airflow/dags/reddit_dag.py
[2025-02-09T09:48:20.655+0000] {processor.py:914} INFO - Processing file /opt/airflow/dags/reddit_dag.py for tasks to queue
[2025-02-09T09:48:20.657+0000] {logging_mixin.py:190} INFO - [2025-02-09T09:48:20.657+0000] {dagbag.py:588} INFO - Filling up the DagBag from /opt/airflow/dags/reddit_dag.py
[2025-02-09T09:48:21.112+0000] {processor.py:925} INFO - DAG(s) 'etl_reddit_pipeline' retrieved from /opt/airflow/dags/reddit_dag.py
[2025-02-09T09:48:21.132+0000] {logging_mixin.py:190} INFO - [2025-02-09T09:48:21.132+0000] {dag.py:3239} INFO - Sync 1 DAGs
[2025-02-09T09:48:21.153+0000] {logging_mixin.py:190} INFO - [2025-02-09T09:48:21.152+0000] {dag.py:4180} INFO - Setting next_dagrun for etl_reddit_pipeline to 2025-02-09 00:00:00+00:00, run_after=2025-02-10 00:00:00+00:00
[2025-02-09T09:48:21.178+0000] {processor.py:208} INFO - Processing /opt/airflow/dags/reddit_dag.py took 0.530 seconds
[2025-02-09T09:48:51.328+0000] {processor.py:186} INFO - Started process (PID=138) to work on /opt/airflow/dags/reddit_dag.py
[2025-02-09T09:48:51.330+0000] {processor.py:914} INFO - Processing file /opt/airflow/dags/reddit_dag.py for tasks to queue
[2025-02-09T09:48:51.335+0000] {logging_mixin.py:190} INFO - [2025-02-09T09:48:51.334+0000] {dagbag.py:588} INFO - Filling up the DagBag from /opt/airflow/dags/reddit_dag.py
[2025-02-09T09:48:51.786+0000] {processor.py:925} INFO - DAG(s) 'etl_reddit_pipeline' retrieved from /opt/airflow/dags/reddit_dag.py
[2025-02-09T09:48:51.804+0000] {logging_mixin.py:190} INFO - [2025-02-09T09:48:51.804+0000] {dag.py:3239} INFO - Sync 1 DAGs
[2025-02-09T09:48:51.824+0000] {logging_mixin.py:190} INFO - [2025-02-09T09:48:51.823+0000] {dag.py:4180} INFO - Setting next_dagrun for etl_reddit_pipeline to 2025-02-09 00:00:00+00:00, run_after=2025-02-10 00:00:00+00:00
[2025-02-09T09:48:51.849+0000] {processor.py:208} INFO - Processing /opt/airflow/dags/reddit_dag.py took 0.528 seconds
[2025-02-09T09:49:22.099+0000] {processor.py:186} INFO - Started process (PID=147) to work on /opt/airflow/dags/reddit_dag.py
[2025-02-09T09:49:22.100+0000] {processor.py:914} INFO - Processing file /opt/airflow/dags/reddit_dag.py for tasks to queue
[2025-02-09T09:49:22.102+0000] {logging_mixin.py:190} INFO - [2025-02-09T09:49:22.102+0000] {dagbag.py:588} INFO - Filling up the DagBag from /opt/airflow/dags/reddit_dag.py
[2025-02-09T09:49:22.592+0000] {processor.py:925} INFO - DAG(s) 'etl_reddit_pipeline' retrieved from /opt/airflow/dags/reddit_dag.py
[2025-02-09T09:49:22.616+0000] {logging_mixin.py:190} INFO - [2025-02-09T09:49:22.615+0000] {dag.py:3239} INFO - Sync 1 DAGs
[2025-02-09T09:49:22.637+0000] {logging_mixin.py:190} INFO - [2025-02-09T09:49:22.637+0000] {dag.py:4180} INFO - Setting next_dagrun for etl_reddit_pipeline to 2025-02-09 00:00:00+00:00, run_after=2025-02-10 00:00:00+00:00
[2025-02-09T09:49:22.665+0000] {processor.py:208} INFO - Processing /opt/airflow/dags/reddit_dag.py took 0.573 seconds
[2025-02-09T09:49:52.867+0000] {processor.py:186} INFO - Started process (PID=156) to work on /opt/airflow/dags/reddit_dag.py
[2025-02-09T09:49:52.869+0000] {processor.py:914} INFO - Processing file /opt/airflow/dags/reddit_dag.py for tasks to queue
[2025-02-09T09:49:52.871+0000] {logging_mixin.py:190} INFO - [2025-02-09T09:49:52.871+0000] {dagbag.py:588} INFO - Filling up the DagBag from /opt/airflow/dags/reddit_dag.py
[2025-02-09T09:49:53.360+0000] {processor.py:925} INFO - DAG(s) 'etl_reddit_pipeline' retrieved from /opt/airflow/dags/reddit_dag.py
[2025-02-09T09:49:53.381+0000] {logging_mixin.py:190} INFO - [2025-02-09T09:49:53.381+0000] {dag.py:3239} INFO - Sync 1 DAGs
[2025-02-09T09:49:53.408+0000] {logging_mixin.py:190} INFO - [2025-02-09T09:49:53.407+0000] {dag.py:4180} INFO - Setting next_dagrun for etl_reddit_pipeline to 2025-02-09 00:00:00+00:00, run_after=2025-02-10 00:00:00+00:00
[2025-02-09T09:49:53.435+0000] {processor.py:208} INFO - Processing /opt/airflow/dags/reddit_dag.py took 0.573 seconds
[2025-02-09T09:50:23.696+0000] {processor.py:186} INFO - Started process (PID=165) to work on /opt/airflow/dags/reddit_dag.py
[2025-02-09T09:50:23.697+0000] {processor.py:914} INFO - Processing file /opt/airflow/dags/reddit_dag.py for tasks to queue
[2025-02-09T09:50:23.699+0000] {logging_mixin.py:190} INFO - [2025-02-09T09:50:23.698+0000] {dagbag.py:588} INFO - Filling up the DagBag from /opt/airflow/dags/reddit_dag.py
[2025-02-09T09:50:24.141+0000] {processor.py:925} INFO - DAG(s) 'etl_reddit_pipeline' retrieved from /opt/airflow/dags/reddit_dag.py
[2025-02-09T09:50:24.161+0000] {logging_mixin.py:190} INFO - [2025-02-09T09:50:24.160+0000] {dag.py:3239} INFO - Sync 1 DAGs
[2025-02-09T09:50:24.186+0000] {logging_mixin.py:190} INFO - [2025-02-09T09:50:24.186+0000] {dag.py:4180} INFO - Setting next_dagrun for etl_reddit_pipeline to 2025-02-09 00:00:00+00:00, run_after=2025-02-10 00:00:00+00:00
[2025-02-09T09:50:24.211+0000] {processor.py:208} INFO - Processing /opt/airflow/dags/reddit_dag.py took 0.522 seconds
[2025-02-09T09:50:54.584+0000] {processor.py:186} INFO - Started process (PID=174) to work on /opt/airflow/dags/reddit_dag.py
[2025-02-09T09:50:54.585+0000] {processor.py:914} INFO - Processing file /opt/airflow/dags/reddit_dag.py for tasks to queue
[2025-02-09T09:50:54.587+0000] {logging_mixin.py:190} INFO - [2025-02-09T09:50:54.587+0000] {dagbag.py:588} INFO - Filling up the DagBag from /opt/airflow/dags/reddit_dag.py
[2025-02-09T09:50:54.976+0000] {processor.py:925} INFO - DAG(s) 'etl_reddit_pipeline' retrieved from /opt/airflow/dags/reddit_dag.py
[2025-02-09T09:50:54.994+0000] {logging_mixin.py:190} INFO - [2025-02-09T09:50:54.993+0000] {dag.py:3239} INFO - Sync 1 DAGs
[2025-02-09T09:50:55.013+0000] {logging_mixin.py:190} INFO - [2025-02-09T09:50:55.012+0000] {dag.py:4180} INFO - Setting next_dagrun for etl_reddit_pipeline to 2025-02-09 00:00:00+00:00, run_after=2025-02-10 00:00:00+00:00
[2025-02-09T09:50:55.036+0000] {processor.py:208} INFO - Processing /opt/airflow/dags/reddit_dag.py took 0.456 seconds
[2025-02-09T09:51:25.220+0000] {processor.py:186} INFO - Started process (PID=183) to work on /opt/airflow/dags/reddit_dag.py
[2025-02-09T09:51:25.221+0000] {processor.py:914} INFO - Processing file /opt/airflow/dags/reddit_dag.py for tasks to queue
[2025-02-09T09:51:25.224+0000] {logging_mixin.py:190} INFO - [2025-02-09T09:51:25.223+0000] {dagbag.py:588} INFO - Filling up the DagBag from /opt/airflow/dags/reddit_dag.py
[2025-02-09T09:51:25.602+0000] {processor.py:925} INFO - DAG(s) 'etl_reddit_pipeline' retrieved from /opt/airflow/dags/reddit_dag.py
[2025-02-09T09:51:25.619+0000] {logging_mixin.py:190} INFO - [2025-02-09T09:51:25.618+0000] {dag.py:3239} INFO - Sync 1 DAGs
[2025-02-09T09:51:25.638+0000] {logging_mixin.py:190} INFO - [2025-02-09T09:51:25.637+0000] {dag.py:4180} INFO - Setting next_dagrun for etl_reddit_pipeline to 2025-02-09 00:00:00+00:00, run_after=2025-02-10 00:00:00+00:00
[2025-02-09T09:51:25.662+0000] {processor.py:208} INFO - Processing /opt/airflow/dags/reddit_dag.py took 0.447 seconds
[2025-02-09T09:51:56.084+0000] {processor.py:186} INFO - Started process (PID=192) to work on /opt/airflow/dags/reddit_dag.py
[2025-02-09T09:51:56.085+0000] {processor.py:914} INFO - Processing file /opt/airflow/dags/reddit_dag.py for tasks to queue
[2025-02-09T09:51:56.087+0000] {logging_mixin.py:190} INFO - [2025-02-09T09:51:56.087+0000] {dagbag.py:588} INFO - Filling up the DagBag from /opt/airflow/dags/reddit_dag.py
[2025-02-09T09:51:56.526+0000] {processor.py:925} INFO - DAG(s) 'etl_reddit_pipeline' retrieved from /opt/airflow/dags/reddit_dag.py
[2025-02-09T09:51:56.552+0000] {logging_mixin.py:190} INFO - [2025-02-09T09:51:56.551+0000] {dag.py:3239} INFO - Sync 1 DAGs
[2025-02-09T09:51:56.580+0000] {logging_mixin.py:190} INFO - [2025-02-09T09:51:56.579+0000] {dag.py:4180} INFO - Setting next_dagrun for etl_reddit_pipeline to 2025-02-09 00:00:00+00:00, run_after=2025-02-10 00:00:00+00:00
[2025-02-09T09:51:56.607+0000] {processor.py:208} INFO - Processing /opt/airflow/dags/reddit_dag.py took 0.529 seconds
[2025-02-09T09:52:27.311+0000] {processor.py:186} INFO - Started process (PID=201) to work on /opt/airflow/dags/reddit_dag.py
[2025-02-09T09:52:27.312+0000] {processor.py:914} INFO - Processing file /opt/airflow/dags/reddit_dag.py for tasks to queue
[2025-02-09T09:52:27.314+0000] {logging_mixin.py:190} INFO - [2025-02-09T09:52:27.313+0000] {dagbag.py:588} INFO - Filling up the DagBag from /opt/airflow/dags/reddit_dag.py
[2025-02-09T09:52:27.751+0000] {processor.py:925} INFO - DAG(s) 'etl_reddit_pipeline' retrieved from /opt/airflow/dags/reddit_dag.py
[2025-02-09T09:52:27.772+0000] {logging_mixin.py:190} INFO - [2025-02-09T09:52:27.772+0000] {dag.py:3239} INFO - Sync 1 DAGs
[2025-02-09T09:52:27.793+0000] {logging_mixin.py:190} INFO - [2025-02-09T09:52:27.793+0000] {dag.py:4180} INFO - Setting next_dagrun for etl_reddit_pipeline to 2025-02-09 00:00:00+00:00, run_after=2025-02-10 00:00:00+00:00
[2025-02-09T09:52:27.824+0000] {processor.py:208} INFO - Processing /opt/airflow/dags/reddit_dag.py took 0.519 seconds
[2025-02-09T09:52:57.899+0000] {processor.py:186} INFO - Started process (PID=210) to work on /opt/airflow/dags/reddit_dag.py
[2025-02-09T09:52:57.900+0000] {processor.py:914} INFO - Processing file /opt/airflow/dags/reddit_dag.py for tasks to queue
[2025-02-09T09:52:57.903+0000] {logging_mixin.py:190} INFO - [2025-02-09T09:52:57.902+0000] {dagbag.py:588} INFO - Filling up the DagBag from /opt/airflow/dags/reddit_dag.py
[2025-02-09T09:52:58.305+0000] {processor.py:925} INFO - DAG(s) 'etl_reddit_pipeline' retrieved from /opt/airflow/dags/reddit_dag.py
[2025-02-09T09:52:58.323+0000] {logging_mixin.py:190} INFO - [2025-02-09T09:52:58.323+0000] {dag.py:3239} INFO - Sync 1 DAGs
[2025-02-09T09:52:58.343+0000] {logging_mixin.py:190} INFO - [2025-02-09T09:52:58.343+0000] {dag.py:4180} INFO - Setting next_dagrun for etl_reddit_pipeline to 2025-02-09 00:00:00+00:00, run_after=2025-02-10 00:00:00+00:00
[2025-02-09T09:52:58.368+0000] {processor.py:208} INFO - Processing /opt/airflow/dags/reddit_dag.py took 0.475 seconds
[2025-02-09T09:53:28.474+0000] {processor.py:186} INFO - Started process (PID=219) to work on /opt/airflow/dags/reddit_dag.py
[2025-02-09T09:53:28.475+0000] {processor.py:914} INFO - Processing file /opt/airflow/dags/reddit_dag.py for tasks to queue
[2025-02-09T09:53:28.477+0000] {logging_mixin.py:190} INFO - [2025-02-09T09:53:28.477+0000] {dagbag.py:588} INFO - Filling up the DagBag from /opt/airflow/dags/reddit_dag.py
[2025-02-09T09:53:28.898+0000] {processor.py:925} INFO - DAG(s) 'etl_reddit_pipeline' retrieved from /opt/airflow/dags/reddit_dag.py
[2025-02-09T09:53:28.918+0000] {logging_mixin.py:190} INFO - [2025-02-09T09:53:28.917+0000] {dag.py:3239} INFO - Sync 1 DAGs
[2025-02-09T09:53:28.938+0000] {logging_mixin.py:190} INFO - [2025-02-09T09:53:28.938+0000] {dag.py:4180} INFO - Setting next_dagrun for etl_reddit_pipeline to 2025-02-09 00:00:00+00:00, run_after=2025-02-10 00:00:00+00:00
[2025-02-09T09:53:28.965+0000] {processor.py:208} INFO - Processing /opt/airflow/dags/reddit_dag.py took 0.496 seconds
[2025-02-09T09:53:59.081+0000] {processor.py:186} INFO - Started process (PID=228) to work on /opt/airflow/dags/reddit_dag.py
[2025-02-09T09:53:59.083+0000] {processor.py:914} INFO - Processing file /opt/airflow/dags/reddit_dag.py for tasks to queue
[2025-02-09T09:53:59.085+0000] {logging_mixin.py:190} INFO - [2025-02-09T09:53:59.085+0000] {dagbag.py:588} INFO - Filling up the DagBag from /opt/airflow/dags/reddit_dag.py
[2025-02-09T09:53:59.549+0000] {processor.py:925} INFO - DAG(s) 'etl_reddit_pipeline' retrieved from /opt/airflow/dags/reddit_dag.py
[2025-02-09T09:53:59.572+0000] {logging_mixin.py:190} INFO - [2025-02-09T09:53:59.571+0000] {dag.py:3239} INFO - Sync 1 DAGs
[2025-02-09T09:53:59.592+0000] {logging_mixin.py:190} INFO - [2025-02-09T09:53:59.592+0000] {dag.py:4180} INFO - Setting next_dagrun for etl_reddit_pipeline to 2025-02-09 00:00:00+00:00, run_after=2025-02-10 00:00:00+00:00
[2025-02-09T09:53:59.619+0000] {processor.py:208} INFO - Processing /opt/airflow/dags/reddit_dag.py took 0.544 seconds
[2025-02-09T09:54:29.737+0000] {processor.py:186} INFO - Started process (PID=237) to work on /opt/airflow/dags/reddit_dag.py
[2025-02-09T09:54:29.740+0000] {processor.py:914} INFO - Processing file /opt/airflow/dags/reddit_dag.py for tasks to queue
[2025-02-09T09:54:29.743+0000] {logging_mixin.py:190} INFO - [2025-02-09T09:54:29.743+0000] {dagbag.py:588} INFO - Filling up the DagBag from /opt/airflow/dags/reddit_dag.py
[2025-02-09T09:54:30.216+0000] {processor.py:925} INFO - DAG(s) 'etl_reddit_pipeline' retrieved from /opt/airflow/dags/reddit_dag.py
[2025-02-09T09:54:30.237+0000] {logging_mixin.py:190} INFO - [2025-02-09T09:54:30.236+0000] {dag.py:3239} INFO - Sync 1 DAGs
[2025-02-09T09:54:30.262+0000] {logging_mixin.py:190} INFO - [2025-02-09T09:54:30.261+0000] {dag.py:4180} INFO - Setting next_dagrun for etl_reddit_pipeline to 2025-02-09 00:00:00+00:00, run_after=2025-02-10 00:00:00+00:00
[2025-02-09T09:54:30.290+0000] {processor.py:208} INFO - Processing /opt/airflow/dags/reddit_dag.py took 0.560 seconds
[2025-02-09T09:55:00.471+0000] {processor.py:186} INFO - Started process (PID=246) to work on /opt/airflow/dags/reddit_dag.py
[2025-02-09T09:55:00.472+0000] {processor.py:914} INFO - Processing file /opt/airflow/dags/reddit_dag.py for tasks to queue
[2025-02-09T09:55:00.475+0000] {logging_mixin.py:190} INFO - [2025-02-09T09:55:00.475+0000] {dagbag.py:588} INFO - Filling up the DagBag from /opt/airflow/dags/reddit_dag.py
[2025-02-09T09:55:00.952+0000] {processor.py:925} INFO - DAG(s) 'etl_reddit_pipeline' retrieved from /opt/airflow/dags/reddit_dag.py
[2025-02-09T09:55:00.974+0000] {logging_mixin.py:190} INFO - [2025-02-09T09:55:00.973+0000] {dag.py:3239} INFO - Sync 1 DAGs
[2025-02-09T09:55:00.998+0000] {logging_mixin.py:190} INFO - [2025-02-09T09:55:00.998+0000] {dag.py:4180} INFO - Setting next_dagrun for etl_reddit_pipeline to 2025-02-09 00:00:00+00:00, run_after=2025-02-10 00:00:00+00:00
[2025-02-09T09:55:01.025+0000] {processor.py:208} INFO - Processing /opt/airflow/dags/reddit_dag.py took 0.561 seconds
[2025-02-09T09:55:31.590+0000] {processor.py:186} INFO - Started process (PID=255) to work on /opt/airflow/dags/reddit_dag.py
[2025-02-09T09:55:31.593+0000] {processor.py:914} INFO - Processing file /opt/airflow/dags/reddit_dag.py for tasks to queue
[2025-02-09T09:55:31.596+0000] {logging_mixin.py:190} INFO - [2025-02-09T09:55:31.595+0000] {dagbag.py:588} INFO - Filling up the DagBag from /opt/airflow/dags/reddit_dag.py
[2025-02-09T09:55:32.057+0000] {processor.py:925} INFO - DAG(s) 'etl_reddit_pipeline' retrieved from /opt/airflow/dags/reddit_dag.py
[2025-02-09T09:55:32.079+0000] {logging_mixin.py:190} INFO - [2025-02-09T09:55:32.078+0000] {dag.py:3239} INFO - Sync 1 DAGs
[2025-02-09T09:55:32.103+0000] {logging_mixin.py:190} INFO - [2025-02-09T09:55:32.103+0000] {dag.py:4180} INFO - Setting next_dagrun for etl_reddit_pipeline to 2025-02-09 00:00:00+00:00, run_after=2025-02-10 00:00:00+00:00
[2025-02-09T09:55:32.133+0000] {processor.py:208} INFO - Processing /opt/airflow/dags/reddit_dag.py took 0.550 seconds
[2025-02-09T09:56:02.418+0000] {processor.py:186} INFO - Started process (PID=264) to work on /opt/airflow/dags/reddit_dag.py
[2025-02-09T09:56:02.419+0000] {processor.py:914} INFO - Processing file /opt/airflow/dags/reddit_dag.py for tasks to queue
[2025-02-09T09:56:02.422+0000] {logging_mixin.py:190} INFO - [2025-02-09T09:56:02.421+0000] {dagbag.py:588} INFO - Filling up the DagBag from /opt/airflow/dags/reddit_dag.py
[2025-02-09T09:56:02.945+0000] {processor.py:925} INFO - DAG(s) 'etl_reddit_pipeline' retrieved from /opt/airflow/dags/reddit_dag.py
[2025-02-09T09:56:02.969+0000] {logging_mixin.py:190} INFO - [2025-02-09T09:56:02.968+0000] {dag.py:3239} INFO - Sync 1 DAGs
[2025-02-09T09:56:02.996+0000] {logging_mixin.py:190} INFO - [2025-02-09T09:56:02.995+0000] {dag.py:4180} INFO - Setting next_dagrun for etl_reddit_pipeline to 2025-02-09 00:00:00+00:00, run_after=2025-02-10 00:00:00+00:00
[2025-02-09T09:56:03.025+0000] {processor.py:208} INFO - Processing /opt/airflow/dags/reddit_dag.py took 0.613 seconds
[2025-02-09T09:56:33.064+0000] {processor.py:186} INFO - Started process (PID=280) to work on /opt/airflow/dags/reddit_dag.py
[2025-02-09T09:56:33.066+0000] {processor.py:914} INFO - Processing file /opt/airflow/dags/reddit_dag.py for tasks to queue
[2025-02-09T09:56:33.067+0000] {logging_mixin.py:190} INFO - [2025-02-09T09:56:33.067+0000] {dagbag.py:588} INFO - Filling up the DagBag from /opt/airflow/dags/reddit_dag.py
[2025-02-09T09:56:33.517+0000] {processor.py:925} INFO - DAG(s) 'etl_reddit_pipeline' retrieved from /opt/airflow/dags/reddit_dag.py
[2025-02-09T09:56:33.538+0000] {logging_mixin.py:190} INFO - [2025-02-09T09:56:33.537+0000] {dag.py:3239} INFO - Sync 1 DAGs
[2025-02-09T09:56:33.559+0000] {logging_mixin.py:190} INFO - [2025-02-09T09:56:33.559+0000] {dag.py:4180} INFO - Setting next_dagrun for etl_reddit_pipeline to 2025-02-09 00:00:00+00:00, run_after=2025-02-10 00:00:00+00:00
[2025-02-09T09:56:33.589+0000] {processor.py:208} INFO - Processing /opt/airflow/dags/reddit_dag.py took 0.531 seconds
[2025-02-09T09:57:04.210+0000] {processor.py:186} INFO - Started process (PID=289) to work on /opt/airflow/dags/reddit_dag.py
[2025-02-09T09:57:04.211+0000] {processor.py:914} INFO - Processing file /opt/airflow/dags/reddit_dag.py for tasks to queue
[2025-02-09T09:57:04.214+0000] {logging_mixin.py:190} INFO - [2025-02-09T09:57:04.214+0000] {dagbag.py:588} INFO - Filling up the DagBag from /opt/airflow/dags/reddit_dag.py
[2025-02-09T09:57:04.627+0000] {processor.py:925} INFO - DAG(s) 'etl_reddit_pipeline' retrieved from /opt/airflow/dags/reddit_dag.py
[2025-02-09T09:57:04.653+0000] {logging_mixin.py:190} INFO - [2025-02-09T09:57:04.652+0000] {dag.py:3239} INFO - Sync 1 DAGs
[2025-02-09T09:57:04.680+0000] {logging_mixin.py:190} INFO - [2025-02-09T09:57:04.680+0000] {dag.py:4180} INFO - Setting next_dagrun for etl_reddit_pipeline to 2025-02-09 00:00:00+00:00, run_after=2025-02-10 00:00:00+00:00
[2025-02-09T09:57:04.709+0000] {processor.py:208} INFO - Processing /opt/airflow/dags/reddit_dag.py took 0.505 seconds
[2025-02-09T09:57:17.331+0000] {processor.py:186} INFO - Started process (PID=291) to work on /opt/airflow/dags/reddit_dag.py
[2025-02-09T09:57:17.332+0000] {processor.py:914} INFO - Processing file /opt/airflow/dags/reddit_dag.py for tasks to queue
[2025-02-09T09:57:17.334+0000] {logging_mixin.py:190} INFO - [2025-02-09T09:57:17.334+0000] {dagbag.py:588} INFO - Filling up the DagBag from /opt/airflow/dags/reddit_dag.py
[2025-02-09T09:57:17.837+0000] {processor.py:925} INFO - DAG(s) 'etl_reddit_pipeline' retrieved from /opt/airflow/dags/reddit_dag.py
[2025-02-09T09:57:17.856+0000] {logging_mixin.py:190} INFO - [2025-02-09T09:57:17.855+0000] {dag.py:3239} INFO - Sync 1 DAGs
[2025-02-09T09:57:17.878+0000] {logging_mixin.py:190} INFO - [2025-02-09T09:57:17.878+0000] {dag.py:4180} INFO - Setting next_dagrun for etl_reddit_pipeline to 2025-02-09 00:00:00+00:00, run_after=2025-02-10 00:00:00+00:00
[2025-02-09T09:57:17.911+0000] {processor.py:208} INFO - Processing /opt/airflow/dags/reddit_dag.py took 0.588 seconds
[2025-02-09T09:57:21.040+0000] {processor.py:186} INFO - Started process (PID=293) to work on /opt/airflow/dags/reddit_dag.py
[2025-02-09T09:57:21.041+0000] {processor.py:914} INFO - Processing file /opt/airflow/dags/reddit_dag.py for tasks to queue
[2025-02-09T09:57:21.043+0000] {logging_mixin.py:190} INFO - [2025-02-09T09:57:21.043+0000] {dagbag.py:588} INFO - Filling up the DagBag from /opt/airflow/dags/reddit_dag.py
[2025-02-09T09:57:21.646+0000] {processor.py:925} INFO - DAG(s) 'etl_reddit_pipeline' retrieved from /opt/airflow/dags/reddit_dag.py
[2025-02-09T09:57:21.669+0000] {logging_mixin.py:190} INFO - [2025-02-09T09:57:21.669+0000] {dag.py:3239} INFO - Sync 1 DAGs
[2025-02-09T09:57:21.694+0000] {logging_mixin.py:190} INFO - [2025-02-09T09:57:21.694+0000] {dag.py:4180} INFO - Setting next_dagrun for etl_reddit_pipeline to 2025-02-09 00:00:00+00:00, run_after=2025-02-10 00:00:00+00:00
[2025-02-09T09:57:21.729+0000] {processor.py:208} INFO - Processing /opt/airflow/dags/reddit_dag.py took 0.695 seconds
[2025-02-09T09:57:22.569+0000] {processor.py:186} INFO - Started process (PID=295) to work on /opt/airflow/dags/reddit_dag.py
[2025-02-09T09:57:22.570+0000] {processor.py:914} INFO - Processing file /opt/airflow/dags/reddit_dag.py for tasks to queue
[2025-02-09T09:57:22.573+0000] {logging_mixin.py:190} INFO - [2025-02-09T09:57:22.572+0000] {dagbag.py:588} INFO - Filling up the DagBag from /opt/airflow/dags/reddit_dag.py
[2025-02-09T09:57:23.083+0000] {processor.py:925} INFO - DAG(s) 'etl_reddit_pipeline' retrieved from /opt/airflow/dags/reddit_dag.py
[2025-02-09T09:57:23.105+0000] {logging_mixin.py:190} INFO - [2025-02-09T09:57:23.105+0000] {dag.py:3239} INFO - Sync 1 DAGs
[2025-02-09T09:57:23.129+0000] {logging_mixin.py:190} INFO - [2025-02-09T09:57:23.129+0000] {dag.py:4180} INFO - Setting next_dagrun for etl_reddit_pipeline to 2025-02-09 00:00:00+00:00, run_after=2025-02-10 00:00:00+00:00
[2025-02-09T09:57:23.163+0000] {processor.py:208} INFO - Processing /opt/airflow/dags/reddit_dag.py took 0.600 seconds
[2025-02-09T09:57:28.924+0000] {processor.py:186} INFO - Started process (PID=304) to work on /opt/airflow/dags/reddit_dag.py
[2025-02-09T09:57:28.925+0000] {processor.py:914} INFO - Processing file /opt/airflow/dags/reddit_dag.py for tasks to queue
[2025-02-09T09:57:28.928+0000] {logging_mixin.py:190} INFO - [2025-02-09T09:57:28.927+0000] {dagbag.py:588} INFO - Filling up the DagBag from /opt/airflow/dags/reddit_dag.py
[2025-02-09T09:57:29.432+0000] {logging_mixin.py:190} INFO - [2025-02-09T09:57:29.426+0000] {dagbag.py:387} ERROR - Failed to import: /opt/airflow/dags/reddit_dag.py
Traceback (most recent call last):
  File "/home/airflow/.local/lib/python3.9/site-packages/airflow/models/dagbag.py", line 383, in parse
    loader.exec_module(new_module)
  File "<frozen importlib._bootstrap_external>", line 850, in exec_module
  File "<frozen importlib._bootstrap>", line 228, in _call_with_frames_removed
  File "/opt/airflow/dags/reddit_dag.py", line 41, in <module>
    upload = Pyth
NameError: name 'Pyth' is not defined
[2025-02-09T09:57:29.433+0000] {processor.py:927} WARNING - No viable dags retrieved from /opt/airflow/dags/reddit_dag.py
[2025-02-09T09:57:29.457+0000] {processor.py:208} INFO - Processing /opt/airflow/dags/reddit_dag.py took 0.540 seconds
[2025-02-09T09:57:31.614+0000] {processor.py:186} INFO - Started process (PID=306) to work on /opt/airflow/dags/reddit_dag.py
[2025-02-09T09:57:31.616+0000] {processor.py:914} INFO - Processing file /opt/airflow/dags/reddit_dag.py for tasks to queue
[2025-02-09T09:57:31.619+0000] {logging_mixin.py:190} INFO - [2025-02-09T09:57:31.618+0000] {dagbag.py:588} INFO - Filling up the DagBag from /opt/airflow/dags/reddit_dag.py
[2025-02-09T09:57:32.220+0000] {logging_mixin.py:190} INFO - [2025-02-09T09:57:32.211+0000] {dagbag.py:387} ERROR - Failed to import: /opt/airflow/dags/reddit_dag.py
Traceback (most recent call last):
  File "/home/airflow/.local/lib/python3.9/site-packages/airflow/models/dagbag.py", line 383, in parse
    loader.exec_module(new_module)
  File "<frozen importlib._bootstrap_external>", line 850, in exec_module
  File "<frozen importlib._bootstrap>", line 228, in _call_with_frames_removed
  File "/opt/airflow/dags/reddit_dag.py", line 41, in <module>
    upload = PythonOperator(
  File "/home/airflow/.local/lib/python3.9/site-packages/airflow/models/baseoperator.py", line 489, in apply_defaults
    raise AirflowException(f"missing keyword argument {missing_args.pop()!r}")
airflow.exceptions.AirflowException: missing keyword argument 'python_callable'
[2025-02-09T09:57:32.222+0000] {processor.py:927} WARNING - No viable dags retrieved from /opt/airflow/dags/reddit_dag.py
[2025-02-09T09:57:32.246+0000] {processor.py:208} INFO - Processing /opt/airflow/dags/reddit_dag.py took 0.637 seconds
[2025-02-09T09:57:37.740+0000] {processor.py:186} INFO - Started process (PID=308) to work on /opt/airflow/dags/reddit_dag.py
[2025-02-09T09:57:37.741+0000] {processor.py:914} INFO - Processing file /opt/airflow/dags/reddit_dag.py for tasks to queue
[2025-02-09T09:57:37.746+0000] {logging_mixin.py:190} INFO - [2025-02-09T09:57:37.745+0000] {dagbag.py:588} INFO - Filling up the DagBag from /opt/airflow/dags/reddit_dag.py
[2025-02-09T09:57:38.242+0000] {logging_mixin.py:190} INFO - [2025-02-09T09:57:38.233+0000] {dagbag.py:387} ERROR - Failed to import: /opt/airflow/dags/reddit_dag.py
Traceback (most recent call last):
  File "/home/airflow/.local/lib/python3.9/site-packages/airflow/models/dagbag.py", line 383, in parse
    loader.exec_module(new_module)
  File "<frozen importlib._bootstrap_external>", line 850, in exec_module
  File "<frozen importlib._bootstrap>", line 228, in _call_with_frames_removed
  File "/opt/airflow/dags/reddit_dag.py", line 41, in <module>
    upload = PythonOperator(
  File "/home/airflow/.local/lib/python3.9/site-packages/airflow/models/baseoperator.py", line 489, in apply_defaults
    raise AirflowException(f"missing keyword argument {missing_args.pop()!r}")
airflow.exceptions.AirflowException: missing keyword argument 'python_callable'
[2025-02-09T09:57:38.243+0000] {processor.py:927} WARNING - No viable dags retrieved from /opt/airflow/dags/reddit_dag.py
[2025-02-09T09:57:38.267+0000] {processor.py:208} INFO - Processing /opt/airflow/dags/reddit_dag.py took 0.532 seconds
[2025-02-09T09:57:40.828+0000] {processor.py:186} INFO - Started process (PID=310) to work on /opt/airflow/dags/reddit_dag.py
[2025-02-09T09:57:40.829+0000] {processor.py:914} INFO - Processing file /opt/airflow/dags/reddit_dag.py for tasks to queue
[2025-02-09T09:57:40.832+0000] {logging_mixin.py:190} INFO - [2025-02-09T09:57:40.832+0000] {dagbag.py:588} INFO - Filling up the DagBag from /opt/airflow/dags/reddit_dag.py
[2025-02-09T09:57:41.333+0000] {logging_mixin.py:190} INFO - [2025-02-09T09:57:41.329+0000] {dagbag.py:387} ERROR - Failed to import: /opt/airflow/dags/reddit_dag.py
Traceback (most recent call last):
  File "/home/airflow/.local/lib/python3.9/site-packages/airflow/models/dagbag.py", line 383, in parse
    loader.exec_module(new_module)
  File "<frozen importlib._bootstrap_external>", line 850, in exec_module
  File "<frozen importlib._bootstrap>", line 228, in _call_with_frames_removed
  File "/opt/airflow/dags/reddit_dag.py", line 41, in <module>
    upload = PythonOperator(
  File "/home/airflow/.local/lib/python3.9/site-packages/airflow/models/baseoperator.py", line 489, in apply_defaults
    raise AirflowException(f"missing keyword argument {missing_args.pop()!r}")
airflow.exceptions.AirflowException: missing keyword argument 'python_callable'
[2025-02-09T09:57:41.334+0000] {processor.py:927} WARNING - No viable dags retrieved from /opt/airflow/dags/reddit_dag.py
[2025-02-09T09:57:41.357+0000] {processor.py:208} INFO - Processing /opt/airflow/dags/reddit_dag.py took 0.535 seconds
[2025-02-09T09:57:42.084+0000] {processor.py:186} INFO - Started process (PID=312) to work on /opt/airflow/dags/reddit_dag.py
[2025-02-09T09:57:42.086+0000] {processor.py:914} INFO - Processing file /opt/airflow/dags/reddit_dag.py for tasks to queue
[2025-02-09T09:57:42.088+0000] {logging_mixin.py:190} INFO - [2025-02-09T09:57:42.088+0000] {dagbag.py:588} INFO - Filling up the DagBag from /opt/airflow/dags/reddit_dag.py
[2025-02-09T09:57:42.680+0000] {logging_mixin.py:190} INFO - [2025-02-09T09:57:42.677+0000] {dagbag.py:387} ERROR - Failed to import: /opt/airflow/dags/reddit_dag.py
Traceback (most recent call last):
  File "/home/airflow/.local/lib/python3.9/site-packages/airflow/models/dagbag.py", line 383, in parse
    loader.exec_module(new_module)
  File "<frozen importlib._bootstrap_external>", line 850, in exec_module
  File "<frozen importlib._bootstrap>", line 228, in _call_with_frames_removed
  File "/opt/airflow/dags/reddit_dag.py", line 41, in <module>
    upload = PythonOperator(
  File "/home/airflow/.local/lib/python3.9/site-packages/airflow/models/baseoperator.py", line 489, in apply_defaults
    raise AirflowException(f"missing keyword argument {missing_args.pop()!r}")
airflow.exceptions.AirflowException: missing keyword argument 'python_callable'
[2025-02-09T09:57:42.681+0000] {processor.py:927} WARNING - No viable dags retrieved from /opt/airflow/dags/reddit_dag.py
[2025-02-09T09:57:42.701+0000] {processor.py:208} INFO - Processing /opt/airflow/dags/reddit_dag.py took 0.622 seconds
[2025-02-09T09:57:42.741+0000] {processor.py:186} INFO - Started process (PID=314) to work on /opt/airflow/dags/reddit_dag.py
[2025-02-09T09:57:42.743+0000] {processor.py:914} INFO - Processing file /opt/airflow/dags/reddit_dag.py for tasks to queue
[2025-02-09T09:57:42.745+0000] {logging_mixin.py:190} INFO - [2025-02-09T09:57:42.744+0000] {dagbag.py:588} INFO - Filling up the DagBag from /opt/airflow/dags/reddit_dag.py
[2025-02-09T09:57:43.183+0000] {logging_mixin.py:190} INFO - [2025-02-09T09:57:43.180+0000] {dagbag.py:387} ERROR - Failed to import: /opt/airflow/dags/reddit_dag.py
Traceback (most recent call last):
  File "/home/airflow/.local/lib/python3.9/site-packages/airflow/models/dagbag.py", line 383, in parse
    loader.exec_module(new_module)
  File "<frozen importlib._bootstrap_external>", line 850, in exec_module
  File "<frozen importlib._bootstrap>", line 228, in _call_with_frames_removed
  File "/opt/airflow/dags/reddit_dag.py", line 41, in <module>
    upload = PythonOperator(
  File "/home/airflow/.local/lib/python3.9/site-packages/airflow/models/baseoperator.py", line 489, in apply_defaults
    raise AirflowException(f"missing keyword argument {missing_args.pop()!r}")
airflow.exceptions.AirflowException: missing keyword argument 'python_callable'
[2025-02-09T09:57:43.184+0000] {processor.py:927} WARNING - No viable dags retrieved from /opt/airflow/dags/reddit_dag.py
[2025-02-09T09:57:43.205+0000] {processor.py:208} INFO - Processing /opt/airflow/dags/reddit_dag.py took 0.470 seconds
[2025-02-09T09:57:47.379+0000] {processor.py:186} INFO - Started process (PID=316) to work on /opt/airflow/dags/reddit_dag.py
[2025-02-09T09:57:47.380+0000] {processor.py:914} INFO - Processing file /opt/airflow/dags/reddit_dag.py for tasks to queue
[2025-02-09T09:57:47.382+0000] {logging_mixin.py:190} INFO - [2025-02-09T09:57:47.382+0000] {dagbag.py:588} INFO - Filling up the DagBag from /opt/airflow/dags/reddit_dag.py
[2025-02-09T09:57:47.394+0000] {logging_mixin.py:190} INFO - [2025-02-09T09:57:47.393+0000] {dagbag.py:387} ERROR - Failed to import: /opt/airflow/dags/reddit_dag.py
Traceback (most recent call last):
  File "/home/airflow/.local/lib/python3.9/site-packages/airflow/models/dagbag.py", line 383, in parse
    loader.exec_module(new_module)
  File "<frozen importlib._bootstrap_external>", line 846, in exec_module
  File "<frozen importlib._bootstrap_external>", line 983, in get_code
  File "<frozen importlib._bootstrap_external>", line 913, in source_to_code
  File "<frozen importlib._bootstrap>", line 228, in _call_with_frames_removed
  File "/opt/airflow/dags/reddit_dag.py", line 44
    )
    ^
SyntaxError: positional argument follows keyword argument
[2025-02-09T09:57:47.395+0000] {processor.py:927} WARNING - No viable dags retrieved from /opt/airflow/dags/reddit_dag.py
[2025-02-09T09:57:47.418+0000] {processor.py:208} INFO - Processing /opt/airflow/dags/reddit_dag.py took 0.044 seconds
[2025-02-09T09:57:47.458+0000] {processor.py:186} INFO - Started process (PID=317) to work on /opt/airflow/dags/reddit_dag.py
[2025-02-09T09:57:47.460+0000] {processor.py:914} INFO - Processing file /opt/airflow/dags/reddit_dag.py for tasks to queue
[2025-02-09T09:57:47.462+0000] {logging_mixin.py:190} INFO - [2025-02-09T09:57:47.462+0000] {dagbag.py:588} INFO - Filling up the DagBag from /opt/airflow/dags/reddit_dag.py
[2025-02-09T09:57:47.477+0000] {logging_mixin.py:190} INFO - [2025-02-09T09:57:47.476+0000] {dagbag.py:387} ERROR - Failed to import: /opt/airflow/dags/reddit_dag.py
Traceback (most recent call last):
  File "/home/airflow/.local/lib/python3.9/site-packages/airflow/models/dagbag.py", line 383, in parse
    loader.exec_module(new_module)
  File "<frozen importlib._bootstrap_external>", line 846, in exec_module
  File "<frozen importlib._bootstrap_external>", line 983, in get_code
  File "<frozen importlib._bootstrap_external>", line 913, in source_to_code
  File "<frozen importlib._bootstrap>", line 228, in _call_with_frames_removed
  File "/opt/airflow/dags/reddit_dag.py", line 44
    )
    ^
SyntaxError: positional argument follows keyword argument
[2025-02-09T09:57:47.478+0000] {processor.py:927} WARNING - No viable dags retrieved from /opt/airflow/dags/reddit_dag.py
[2025-02-09T09:57:47.502+0000] {processor.py:208} INFO - Processing /opt/airflow/dags/reddit_dag.py took 0.050 seconds
[2025-02-09T09:57:47.541+0000] {processor.py:186} INFO - Started process (PID=318) to work on /opt/airflow/dags/reddit_dag.py
[2025-02-09T09:57:47.542+0000] {processor.py:914} INFO - Processing file /opt/airflow/dags/reddit_dag.py for tasks to queue
[2025-02-09T09:57:47.545+0000] {logging_mixin.py:190} INFO - [2025-02-09T09:57:47.545+0000] {dagbag.py:588} INFO - Filling up the DagBag from /opt/airflow/dags/reddit_dag.py
[2025-02-09T09:57:47.559+0000] {logging_mixin.py:190} INFO - [2025-02-09T09:57:47.558+0000] {dagbag.py:387} ERROR - Failed to import: /opt/airflow/dags/reddit_dag.py
Traceback (most recent call last):
  File "/home/airflow/.local/lib/python3.9/site-packages/airflow/models/dagbag.py", line 383, in parse
    loader.exec_module(new_module)
  File "<frozen importlib._bootstrap_external>", line 846, in exec_module
  File "<frozen importlib._bootstrap_external>", line 983, in get_code
  File "<frozen importlib._bootstrap_external>", line 913, in source_to_code
  File "<frozen importlib._bootstrap>", line 228, in _call_with_frames_removed
  File "/opt/airflow/dags/reddit_dag.py", line 44
    )
    ^
SyntaxError: positional argument follows keyword argument
[2025-02-09T09:57:47.559+0000] {processor.py:927} WARNING - No viable dags retrieved from /opt/airflow/dags/reddit_dag.py
[2025-02-09T09:57:47.583+0000] {processor.py:208} INFO - Processing /opt/airflow/dags/reddit_dag.py took 0.048 seconds
[2025-02-09T09:57:47.614+0000] {processor.py:186} INFO - Started process (PID=319) to work on /opt/airflow/dags/reddit_dag.py
[2025-02-09T09:57:47.615+0000] {processor.py:914} INFO - Processing file /opt/airflow/dags/reddit_dag.py for tasks to queue
[2025-02-09T09:57:47.617+0000] {logging_mixin.py:190} INFO - [2025-02-09T09:57:47.617+0000] {dagbag.py:588} INFO - Filling up the DagBag from /opt/airflow/dags/reddit_dag.py
[2025-02-09T09:57:47.628+0000] {logging_mixin.py:190} INFO - [2025-02-09T09:57:47.627+0000] {dagbag.py:387} ERROR - Failed to import: /opt/airflow/dags/reddit_dag.py
Traceback (most recent call last):
  File "/home/airflow/.local/lib/python3.9/site-packages/airflow/models/dagbag.py", line 383, in parse
    loader.exec_module(new_module)
  File "<frozen importlib._bootstrap_external>", line 846, in exec_module
  File "<frozen importlib._bootstrap_external>", line 983, in get_code
  File "<frozen importlib._bootstrap_external>", line 913, in source_to_code
  File "<frozen importlib._bootstrap>", line 228, in _call_with_frames_removed
  File "/opt/airflow/dags/reddit_dag.py", line 44
    )
    ^
SyntaxError: positional argument follows keyword argument
[2025-02-09T09:57:47.628+0000] {processor.py:927} WARNING - No viable dags retrieved from /opt/airflow/dags/reddit_dag.py
[2025-02-09T09:57:47.650+0000] {processor.py:208} INFO - Processing /opt/airflow/dags/reddit_dag.py took 0.043 seconds
[2025-02-09T09:57:48.639+0000] {processor.py:186} INFO - Started process (PID=320) to work on /opt/airflow/dags/reddit_dag.py
[2025-02-09T09:57:48.641+0000] {processor.py:914} INFO - Processing file /opt/airflow/dags/reddit_dag.py for tasks to queue
[2025-02-09T09:57:48.643+0000] {logging_mixin.py:190} INFO - [2025-02-09T09:57:48.643+0000] {dagbag.py:588} INFO - Filling up the DagBag from /opt/airflow/dags/reddit_dag.py
[2025-02-09T09:57:48.656+0000] {logging_mixin.py:190} INFO - [2025-02-09T09:57:48.655+0000] {dagbag.py:387} ERROR - Failed to import: /opt/airflow/dags/reddit_dag.py
Traceback (most recent call last):
  File "/home/airflow/.local/lib/python3.9/site-packages/airflow/models/dagbag.py", line 383, in parse
    loader.exec_module(new_module)
  File "<frozen importlib._bootstrap_external>", line 846, in exec_module
  File "<frozen importlib._bootstrap_external>", line 983, in get_code
  File "<frozen importlib._bootstrap_external>", line 913, in source_to_code
  File "<frozen importlib._bootstrap>", line 228, in _call_with_frames_removed
  File "/opt/airflow/dags/reddit_dag.py", line 44
    )
    ^
SyntaxError: positional argument follows keyword argument
[2025-02-09T09:57:48.657+0000] {processor.py:927} WARNING - No viable dags retrieved from /opt/airflow/dags/reddit_dag.py
[2025-02-09T09:57:48.678+0000] {processor.py:208} INFO - Processing /opt/airflow/dags/reddit_dag.py took 0.045 seconds
[2025-02-09T09:57:51.740+0000] {processor.py:186} INFO - Started process (PID=321) to work on /opt/airflow/dags/reddit_dag.py
[2025-02-09T09:57:51.742+0000] {processor.py:914} INFO - Processing file /opt/airflow/dags/reddit_dag.py for tasks to queue
[2025-02-09T09:57:51.745+0000] {logging_mixin.py:190} INFO - [2025-02-09T09:57:51.744+0000] {dagbag.py:588} INFO - Filling up the DagBag from /opt/airflow/dags/reddit_dag.py
[2025-02-09T09:57:51.766+0000] {logging_mixin.py:190} INFO - [2025-02-09T09:57:51.764+0000] {dagbag.py:387} ERROR - Failed to import: /opt/airflow/dags/reddit_dag.py
Traceback (most recent call last):
  File "/home/airflow/.local/lib/python3.9/site-packages/airflow/models/dagbag.py", line 383, in parse
    loader.exec_module(new_module)
  File "<frozen importlib._bootstrap_external>", line 846, in exec_module
  File "<frozen importlib._bootstrap_external>", line 983, in get_code
  File "<frozen importlib._bootstrap_external>", line 913, in source_to_code
  File "<frozen importlib._bootstrap>", line 228, in _call_with_frames_removed
  File "/opt/airflow/dags/reddit_dag.py", line 44
    )
    ^
SyntaxError: invalid syntax
[2025-02-09T09:57:51.768+0000] {processor.py:927} WARNING - No viable dags retrieved from /opt/airflow/dags/reddit_dag.py
[2025-02-09T09:57:51.793+0000] {processor.py:208} INFO - Processing /opt/airflow/dags/reddit_dag.py took 0.059 seconds
[2025-02-09T09:57:51.863+0000] {processor.py:186} INFO - Started process (PID=322) to work on /opt/airflow/dags/reddit_dag.py
[2025-02-09T09:57:51.864+0000] {processor.py:914} INFO - Processing file /opt/airflow/dags/reddit_dag.py for tasks to queue
[2025-02-09T09:57:51.867+0000] {logging_mixin.py:190} INFO - [2025-02-09T09:57:51.867+0000] {dagbag.py:588} INFO - Filling up the DagBag from /opt/airflow/dags/reddit_dag.py
[2025-02-09T09:57:51.892+0000] {logging_mixin.py:190} INFO - [2025-02-09T09:57:51.891+0000] {dagbag.py:387} ERROR - Failed to import: /opt/airflow/dags/reddit_dag.py
Traceback (most recent call last):
  File "/home/airflow/.local/lib/python3.9/site-packages/airflow/models/dagbag.py", line 383, in parse
    loader.exec_module(new_module)
  File "<frozen importlib._bootstrap_external>", line 846, in exec_module
  File "<frozen importlib._bootstrap_external>", line 983, in get_code
  File "<frozen importlib._bootstrap_external>", line 913, in source_to_code
  File "<frozen importlib._bootstrap>", line 228, in _call_with_frames_removed
  File "/opt/airflow/dags/reddit_dag.py", line 44
    )
    ^
SyntaxError: invalid syntax
[2025-02-09T09:57:51.894+0000] {processor.py:927} WARNING - No viable dags retrieved from /opt/airflow/dags/reddit_dag.py
[2025-02-09T09:57:51.925+0000] {processor.py:208} INFO - Processing /opt/airflow/dags/reddit_dag.py took 0.072 seconds
[2025-02-09T09:58:04.063+0000] {processor.py:186} INFO - Started process (PID=330) to work on /opt/airflow/dags/reddit_dag.py
[2025-02-09T09:58:04.064+0000] {processor.py:914} INFO - Processing file /opt/airflow/dags/reddit_dag.py for tasks to queue
[2025-02-09T09:58:04.066+0000] {logging_mixin.py:190} INFO - [2025-02-09T09:58:04.066+0000] {dagbag.py:588} INFO - Filling up the DagBag from /opt/airflow/dags/reddit_dag.py
[2025-02-09T09:58:04.525+0000] {logging_mixin.py:190} INFO - [2025-02-09T09:58:04.522+0000] {dagbag.py:387} ERROR - Failed to import: /opt/airflow/dags/reddit_dag.py
Traceback (most recent call last):
  File "/home/airflow/.local/lib/python3.9/site-packages/airflow/models/dagbag.py", line 383, in parse
    loader.exec_module(new_module)
  File "<frozen importlib._bootstrap_external>", line 850, in exec_module
  File "<frozen importlib._bootstrap>", line 228, in _call_with_frames_removed
  File "/opt/airflow/dags/reddit_dag.py", line 43, in <module>
    python_callable = upload
NameError: name 'upload' is not defined
[2025-02-09T09:58:04.526+0000] {processor.py:927} WARNING - No viable dags retrieved from /opt/airflow/dags/reddit_dag.py
[2025-02-09T09:58:04.580+0000] {processor.py:208} INFO - Processing /opt/airflow/dags/reddit_dag.py took 0.523 seconds
[2025-02-09T09:58:06.143+0000] {processor.py:186} INFO - Started process (PID=332) to work on /opt/airflow/dags/reddit_dag.py
[2025-02-09T09:58:06.144+0000] {processor.py:914} INFO - Processing file /opt/airflow/dags/reddit_dag.py for tasks to queue
[2025-02-09T09:58:06.146+0000] {logging_mixin.py:190} INFO - [2025-02-09T09:58:06.146+0000] {dagbag.py:588} INFO - Filling up the DagBag from /opt/airflow/dags/reddit_dag.py
[2025-02-09T09:58:06.571+0000] {logging_mixin.py:190} INFO - [2025-02-09T09:58:06.569+0000] {dagbag.py:387} ERROR - Failed to import: /opt/airflow/dags/reddit_dag.py
Traceback (most recent call last):
  File "/home/airflow/.local/lib/python3.9/site-packages/airflow/models/dagbag.py", line 383, in parse
    loader.exec_module(new_module)
  File "<frozen importlib._bootstrap_external>", line 850, in exec_module
  File "<frozen importlib._bootstrap>", line 228, in _call_with_frames_removed
  File "/opt/airflow/dags/reddit_dag.py", line 43, in <module>
    python_callable = upload_s3
NameError: name 'upload_s3' is not defined
[2025-02-09T09:58:06.572+0000] {processor.py:927} WARNING - No viable dags retrieved from /opt/airflow/dags/reddit_dag.py
[2025-02-09T09:58:06.591+0000] {processor.py:208} INFO - Processing /opt/airflow/dags/reddit_dag.py took 0.454 seconds
[2025-02-09T09:58:13.940+0000] {processor.py:186} INFO - Started process (PID=334) to work on /opt/airflow/dags/reddit_dag.py
[2025-02-09T09:58:13.941+0000] {processor.py:914} INFO - Processing file /opt/airflow/dags/reddit_dag.py for tasks to queue
[2025-02-09T09:58:13.943+0000] {logging_mixin.py:190} INFO - [2025-02-09T09:58:13.943+0000] {dagbag.py:588} INFO - Filling up the DagBag from /opt/airflow/dags/reddit_dag.py
[2025-02-09T09:58:14.398+0000] {logging_mixin.py:190} INFO - [2025-02-09T09:58:14.396+0000] {dagbag.py:387} ERROR - Failed to import: /opt/airflow/dags/reddit_dag.py
Traceback (most recent call last):
  File "/home/airflow/.local/lib/python3.9/site-packages/airflow/models/dagbag.py", line 383, in parse
    loader.exec_module(new_module)
  File "<frozen importlib._bootstrap_external>", line 850, in exec_module
  File "<frozen importlib._bootstrap>", line 228, in _call_with_frames_removed
  File "/opt/airflow/dags/reddit_dag.py", line 43, in <module>
    python_callable = upload_s3_pipeline,
NameError: name 'upload_s3_pipeline' is not defined
[2025-02-09T09:58:14.400+0000] {processor.py:927} WARNING - No viable dags retrieved from /opt/airflow/dags/reddit_dag.py
[2025-02-09T09:58:14.419+0000] {processor.py:208} INFO - Processing /opt/airflow/dags/reddit_dag.py took 0.485 seconds
[2025-02-09T09:58:21.389+0000] {processor.py:186} INFO - Started process (PID=336) to work on /opt/airflow/dags/reddit_dag.py
[2025-02-09T09:58:21.390+0000] {processor.py:914} INFO - Processing file /opt/airflow/dags/reddit_dag.py for tasks to queue
[2025-02-09T09:58:21.393+0000] {logging_mixin.py:190} INFO - [2025-02-09T09:58:21.392+0000] {dagbag.py:588} INFO - Filling up the DagBag from /opt/airflow/dags/reddit_dag.py
[2025-02-09T09:58:21.881+0000] {logging_mixin.py:190} INFO - [2025-02-09T09:58:21.878+0000] {dagbag.py:387} ERROR - Failed to import: /opt/airflow/dags/reddit_dag.py
Traceback (most recent call last):
  File "/home/airflow/.local/lib/python3.9/site-packages/airflow/models/dagbag.py", line 383, in parse
    loader.exec_module(new_module)
  File "<frozen importlib._bootstrap_external>", line 850, in exec_module
  File "<frozen importlib._bootstrap>", line 228, in _call_with_frames_removed
  File "/opt/airflow/dags/reddit_dag.py", line 43, in <module>
    python_callable = upload_s3_pipeline,
NameError: name 'upload_s3_pipeline' is not defined
[2025-02-09T09:58:21.882+0000] {processor.py:927} WARNING - No viable dags retrieved from /opt/airflow/dags/reddit_dag.py
[2025-02-09T09:58:21.902+0000] {processor.py:208} INFO - Processing /opt/airflow/dags/reddit_dag.py took 0.519 seconds
[2025-02-09T09:58:51.974+0000] {processor.py:186} INFO - Started process (PID=346) to work on /opt/airflow/dags/reddit_dag.py
[2025-02-09T09:58:51.976+0000] {processor.py:914} INFO - Processing file /opt/airflow/dags/reddit_dag.py for tasks to queue
[2025-02-09T09:58:51.978+0000] {logging_mixin.py:190} INFO - [2025-02-09T09:58:51.977+0000] {dagbag.py:588} INFO - Filling up the DagBag from /opt/airflow/dags/reddit_dag.py
[2025-02-09T09:58:52.496+0000] {logging_mixin.py:190} INFO - [2025-02-09T09:58:52.493+0000] {dagbag.py:387} ERROR - Failed to import: /opt/airflow/dags/reddit_dag.py
Traceback (most recent call last):
  File "/home/airflow/.local/lib/python3.9/site-packages/airflow/models/dagbag.py", line 383, in parse
    loader.exec_module(new_module)
  File "<frozen importlib._bootstrap_external>", line 850, in exec_module
  File "<frozen importlib._bootstrap>", line 228, in _call_with_frames_removed
  File "/opt/airflow/dags/reddit_dag.py", line 43, in <module>
    python_callable = upload_s3_pipeline,
NameError: name 'upload_s3_pipeline' is not defined
[2025-02-09T09:58:52.498+0000] {processor.py:927} WARNING - No viable dags retrieved from /opt/airflow/dags/reddit_dag.py
[2025-02-09T09:58:52.517+0000] {processor.py:208} INFO - Processing /opt/airflow/dags/reddit_dag.py took 0.549 seconds
[2025-02-09T09:59:22.618+0000] {processor.py:186} INFO - Started process (PID=355) to work on /opt/airflow/dags/reddit_dag.py
[2025-02-09T09:59:22.619+0000] {processor.py:914} INFO - Processing file /opt/airflow/dags/reddit_dag.py for tasks to queue
[2025-02-09T09:59:22.621+0000] {logging_mixin.py:190} INFO - [2025-02-09T09:59:22.621+0000] {dagbag.py:588} INFO - Filling up the DagBag from /opt/airflow/dags/reddit_dag.py
[2025-02-09T09:59:23.098+0000] {logging_mixin.py:190} INFO - [2025-02-09T09:59:23.095+0000] {dagbag.py:387} ERROR - Failed to import: /opt/airflow/dags/reddit_dag.py
Traceback (most recent call last):
  File "/home/airflow/.local/lib/python3.9/site-packages/airflow/models/dagbag.py", line 383, in parse
    loader.exec_module(new_module)
  File "<frozen importlib._bootstrap_external>", line 850, in exec_module
  File "<frozen importlib._bootstrap>", line 228, in _call_with_frames_removed
  File "/opt/airflow/dags/reddit_dag.py", line 43, in <module>
    python_callable = upload_s3_pipeline,
NameError: name 'upload_s3_pipeline' is not defined
[2025-02-09T09:59:23.099+0000] {processor.py:927} WARNING - No viable dags retrieved from /opt/airflow/dags/reddit_dag.py
[2025-02-09T09:59:23.119+0000] {processor.py:208} INFO - Processing /opt/airflow/dags/reddit_dag.py took 0.508 seconds
[2025-02-09T09:59:53.635+0000] {processor.py:186} INFO - Started process (PID=371) to work on /opt/airflow/dags/reddit_dag.py
[2025-02-09T09:59:53.636+0000] {processor.py:914} INFO - Processing file /opt/airflow/dags/reddit_dag.py for tasks to queue
[2025-02-09T09:59:53.638+0000] {logging_mixin.py:190} INFO - [2025-02-09T09:59:53.638+0000] {dagbag.py:588} INFO - Filling up the DagBag from /opt/airflow/dags/reddit_dag.py
[2025-02-09T09:59:54.091+0000] {logging_mixin.py:190} INFO - [2025-02-09T09:59:54.088+0000] {dagbag.py:387} ERROR - Failed to import: /opt/airflow/dags/reddit_dag.py
Traceback (most recent call last):
  File "/home/airflow/.local/lib/python3.9/site-packages/airflow/models/dagbag.py", line 383, in parse
    loader.exec_module(new_module)
  File "<frozen importlib._bootstrap_external>", line 850, in exec_module
  File "<frozen importlib._bootstrap>", line 228, in _call_with_frames_removed
  File "/opt/airflow/dags/reddit_dag.py", line 43, in <module>
    python_callable = upload_s3_pipeline,
NameError: name 'upload_s3_pipeline' is not defined
[2025-02-09T09:59:54.092+0000] {processor.py:927} WARNING - No viable dags retrieved from /opt/airflow/dags/reddit_dag.py
[2025-02-09T09:59:54.112+0000] {processor.py:208} INFO - Processing /opt/airflow/dags/reddit_dag.py took 0.485 seconds
[2025-02-09T10:00:24.650+0000] {processor.py:186} INFO - Started process (PID=381) to work on /opt/airflow/dags/reddit_dag.py
[2025-02-09T10:00:24.652+0000] {processor.py:914} INFO - Processing file /opt/airflow/dags/reddit_dag.py for tasks to queue
[2025-02-09T10:00:24.654+0000] {logging_mixin.py:190} INFO - [2025-02-09T10:00:24.653+0000] {dagbag.py:588} INFO - Filling up the DagBag from /opt/airflow/dags/reddit_dag.py
[2025-02-09T10:00:25.122+0000] {logging_mixin.py:190} INFO - [2025-02-09T10:00:25.119+0000] {dagbag.py:387} ERROR - Failed to import: /opt/airflow/dags/reddit_dag.py
Traceback (most recent call last):
  File "/home/airflow/.local/lib/python3.9/site-packages/airflow/models/dagbag.py", line 383, in parse
    loader.exec_module(new_module)
  File "<frozen importlib._bootstrap_external>", line 850, in exec_module
  File "<frozen importlib._bootstrap>", line 228, in _call_with_frames_removed
  File "/opt/airflow/dags/reddit_dag.py", line 43, in <module>
    python_callable = upload_s3_pipeline,
NameError: name 'upload_s3_pipeline' is not defined
[2025-02-09T10:00:25.124+0000] {processor.py:927} WARNING - No viable dags retrieved from /opt/airflow/dags/reddit_dag.py
[2025-02-09T10:00:25.143+0000] {processor.py:208} INFO - Processing /opt/airflow/dags/reddit_dag.py took 0.500 seconds
[2025-02-09T10:00:56.186+0000] {processor.py:186} INFO - Started process (PID=390) to work on /opt/airflow/dags/reddit_dag.py
[2025-02-09T10:00:56.187+0000] {processor.py:914} INFO - Processing file /opt/airflow/dags/reddit_dag.py for tasks to queue
[2025-02-09T10:00:56.189+0000] {logging_mixin.py:190} INFO - [2025-02-09T10:00:56.189+0000] {dagbag.py:588} INFO - Filling up the DagBag from /opt/airflow/dags/reddit_dag.py
[2025-02-09T10:00:56.659+0000] {logging_mixin.py:190} INFO - [2025-02-09T10:00:56.655+0000] {dagbag.py:387} ERROR - Failed to import: /opt/airflow/dags/reddit_dag.py
Traceback (most recent call last):
  File "/home/airflow/.local/lib/python3.9/site-packages/airflow/models/dagbag.py", line 383, in parse
    loader.exec_module(new_module)
  File "<frozen importlib._bootstrap_external>", line 850, in exec_module
  File "<frozen importlib._bootstrap>", line 228, in _call_with_frames_removed
  File "/opt/airflow/dags/reddit_dag.py", line 43, in <module>
    python_callable = upload_s3_pipeline,
NameError: name 'upload_s3_pipeline' is not defined
[2025-02-09T10:00:56.661+0000] {processor.py:927} WARNING - No viable dags retrieved from /opt/airflow/dags/reddit_dag.py
[2025-02-09T10:00:56.682+0000] {processor.py:208} INFO - Processing /opt/airflow/dags/reddit_dag.py took 0.502 seconds
[2025-02-09T10:01:22.618+0000] {processor.py:186} INFO - Started process (PID=399) to work on /opt/airflow/dags/reddit_dag.py
[2025-02-09T10:01:22.619+0000] {processor.py:914} INFO - Processing file /opt/airflow/dags/reddit_dag.py for tasks to queue
[2025-02-09T10:01:22.621+0000] {logging_mixin.py:190} INFO - [2025-02-09T10:01:22.620+0000] {dagbag.py:588} INFO - Filling up the DagBag from /opt/airflow/dags/reddit_dag.py
[2025-02-09T10:01:23.092+0000] {logging_mixin.py:190} INFO - [2025-02-09T10:01:23.087+0000] {dagbag.py:387} ERROR - Failed to import: /opt/airflow/dags/reddit_dag.py
Traceback (most recent call last):
  File "/home/airflow/.local/lib/python3.9/site-packages/airflow/models/dagbag.py", line 383, in parse
    loader.exec_module(new_module)
  File "<frozen importlib._bootstrap_external>", line 850, in exec_module
  File "<frozen importlib._bootstrap>", line 228, in _call_with_frames_removed
  File "/opt/airflow/dags/reddit_dag.py", line 43, in <module>
    python_callable =upload_s3_pipeline,
NameError: name 'upload_s3_pipeline' is not defined
[2025-02-09T10:01:23.093+0000] {processor.py:927} WARNING - No viable dags retrieved from /opt/airflow/dags/reddit_dag.py
[2025-02-09T10:01:23.118+0000] {processor.py:208} INFO - Processing /opt/airflow/dags/reddit_dag.py took 0.508 seconds
[2025-02-09T10:01:54.024+0000] {processor.py:186} INFO - Started process (PID=408) to work on /opt/airflow/dags/reddit_dag.py
[2025-02-09T10:01:54.025+0000] {processor.py:914} INFO - Processing file /opt/airflow/dags/reddit_dag.py for tasks to queue
[2025-02-09T10:01:54.027+0000] {logging_mixin.py:190} INFO - [2025-02-09T10:01:54.027+0000] {dagbag.py:588} INFO - Filling up the DagBag from /opt/airflow/dags/reddit_dag.py
[2025-02-09T10:01:54.522+0000] {logging_mixin.py:190} INFO - [2025-02-09T10:01:54.519+0000] {dagbag.py:387} ERROR - Failed to import: /opt/airflow/dags/reddit_dag.py
Traceback (most recent call last):
  File "/home/airflow/.local/lib/python3.9/site-packages/airflow/models/dagbag.py", line 383, in parse
    loader.exec_module(new_module)
  File "<frozen importlib._bootstrap_external>", line 850, in exec_module
  File "<frozen importlib._bootstrap>", line 228, in _call_with_frames_removed
  File "/opt/airflow/dags/reddit_dag.py", line 43, in <module>
    python_callable =upload_s3_pipeline,
NameError: name 'upload_s3_pipeline' is not defined
[2025-02-09T10:01:54.523+0000] {processor.py:927} WARNING - No viable dags retrieved from /opt/airflow/dags/reddit_dag.py
[2025-02-09T10:01:54.545+0000] {processor.py:208} INFO - Processing /opt/airflow/dags/reddit_dag.py took 0.528 seconds
[2025-02-09T10:02:24.637+0000] {processor.py:186} INFO - Started process (PID=417) to work on /opt/airflow/dags/reddit_dag.py
[2025-02-09T10:02:24.638+0000] {processor.py:914} INFO - Processing file /opt/airflow/dags/reddit_dag.py for tasks to queue
[2025-02-09T10:02:24.640+0000] {logging_mixin.py:190} INFO - [2025-02-09T10:02:24.639+0000] {dagbag.py:588} INFO - Filling up the DagBag from /opt/airflow/dags/reddit_dag.py
[2025-02-09T10:02:25.470+0000] {logging_mixin.py:190} INFO - [2025-02-09T10:02:25.465+0000] {dagbag.py:387} ERROR - Failed to import: /opt/airflow/dags/reddit_dag.py
Traceback (most recent call last):
  File "/home/airflow/.local/lib/python3.9/site-packages/airflow/models/dagbag.py", line 383, in parse
    loader.exec_module(new_module)
  File "<frozen importlib._bootstrap_external>", line 850, in exec_module
  File "<frozen importlib._bootstrap>", line 228, in _call_with_frames_removed
  File "/opt/airflow/dags/reddit_dag.py", line 43, in <module>
    python_callable =upload_s3_pipeline,
NameError: name 'upload_s3_pipeline' is not defined
[2025-02-09T10:02:25.472+0000] {processor.py:927} WARNING - No viable dags retrieved from /opt/airflow/dags/reddit_dag.py
[2025-02-09T10:02:25.500+0000] {processor.py:208} INFO - Processing /opt/airflow/dags/reddit_dag.py took 0.869 seconds
[2025-02-09T10:02:56.230+0000] {processor.py:186} INFO - Started process (PID=426) to work on /opt/airflow/dags/reddit_dag.py
[2025-02-09T10:02:56.231+0000] {processor.py:914} INFO - Processing file /opt/airflow/dags/reddit_dag.py for tasks to queue
[2025-02-09T10:02:56.233+0000] {logging_mixin.py:190} INFO - [2025-02-09T10:02:56.233+0000] {dagbag.py:588} INFO - Filling up the DagBag from /opt/airflow/dags/reddit_dag.py
[2025-02-09T10:02:55.670+0000] {logging_mixin.py:190} INFO - [2025-02-09T10:02:55.667+0000] {dagbag.py:387} ERROR - Failed to import: /opt/airflow/dags/reddit_dag.py
Traceback (most recent call last):
  File "/home/airflow/.local/lib/python3.9/site-packages/airflow/models/dagbag.py", line 383, in parse
    loader.exec_module(new_module)
  File "<frozen importlib._bootstrap_external>", line 850, in exec_module
  File "<frozen importlib._bootstrap>", line 228, in _call_with_frames_removed
  File "/opt/airflow/dags/reddit_dag.py", line 43, in <module>
    python_callable =upload_s3_pipeline,
NameError: name 'upload_s3_pipeline' is not defined
[2025-02-09T10:02:55.671+0000] {processor.py:927} WARNING - No viable dags retrieved from /opt/airflow/dags/reddit_dag.py
[2025-02-09T10:02:55.691+0000] {processor.py:208} INFO - Processing /opt/airflow/dags/reddit_dag.py took 0.507 seconds
[2025-02-09T10:03:26.719+0000] {processor.py:186} INFO - Started process (PID=435) to work on /opt/airflow/dags/reddit_dag.py
[2025-02-09T10:03:26.720+0000] {processor.py:914} INFO - Processing file /opt/airflow/dags/reddit_dag.py for tasks to queue
[2025-02-09T10:03:26.722+0000] {logging_mixin.py:190} INFO - [2025-02-09T10:03:26.721+0000] {dagbag.py:588} INFO - Filling up the DagBag from /opt/airflow/dags/reddit_dag.py
[2025-02-09T10:03:27.158+0000] {logging_mixin.py:190} INFO - [2025-02-09T10:03:27.153+0000] {dagbag.py:387} ERROR - Failed to import: /opt/airflow/dags/reddit_dag.py
Traceback (most recent call last):
  File "/home/airflow/.local/lib/python3.9/site-packages/airflow/models/dagbag.py", line 383, in parse
    loader.exec_module(new_module)
  File "<frozen importlib._bootstrap_external>", line 850, in exec_module
  File "<frozen importlib._bootstrap>", line 228, in _call_with_frames_removed
  File "/opt/airflow/dags/reddit_dag.py", line 43, in <module>
    python_callable =upload_s3_pipeline,
NameError: name 'upload_s3_pipeline' is not defined
[2025-02-09T10:03:27.159+0000] {processor.py:927} WARNING - No viable dags retrieved from /opt/airflow/dags/reddit_dag.py
[2025-02-09T10:03:27.179+0000] {processor.py:208} INFO - Processing /opt/airflow/dags/reddit_dag.py took 0.466 seconds
[2025-02-09T10:03:57.321+0000] {processor.py:186} INFO - Started process (PID=444) to work on /opt/airflow/dags/reddit_dag.py
[2025-02-09T10:03:57.322+0000] {processor.py:914} INFO - Processing file /opt/airflow/dags/reddit_dag.py for tasks to queue
[2025-02-09T10:03:57.325+0000] {logging_mixin.py:190} INFO - [2025-02-09T10:03:57.324+0000] {dagbag.py:588} INFO - Filling up the DagBag from /opt/airflow/dags/reddit_dag.py
[2025-02-09T10:03:57.786+0000] {logging_mixin.py:190} INFO - [2025-02-09T10:03:57.783+0000] {dagbag.py:387} ERROR - Failed to import: /opt/airflow/dags/reddit_dag.py
Traceback (most recent call last):
  File "/home/airflow/.local/lib/python3.9/site-packages/airflow/models/dagbag.py", line 383, in parse
    loader.exec_module(new_module)
  File "<frozen importlib._bootstrap_external>", line 850, in exec_module
  File "<frozen importlib._bootstrap>", line 228, in _call_with_frames_removed
  File "/opt/airflow/dags/reddit_dag.py", line 43, in <module>
    python_callable =upload_s3_pipeline,
NameError: name 'upload_s3_pipeline' is not defined
[2025-02-09T10:03:57.788+0000] {processor.py:927} WARNING - No viable dags retrieved from /opt/airflow/dags/reddit_dag.py
[2025-02-09T10:03:57.808+0000] {processor.py:208} INFO - Processing /opt/airflow/dags/reddit_dag.py took 0.493 seconds
[2025-02-09T10:04:28.641+0000] {processor.py:186} INFO - Started process (PID=453) to work on /opt/airflow/dags/reddit_dag.py
[2025-02-09T10:04:28.643+0000] {processor.py:914} INFO - Processing file /opt/airflow/dags/reddit_dag.py for tasks to queue
[2025-02-09T10:04:28.645+0000] {logging_mixin.py:190} INFO - [2025-02-09T10:04:28.644+0000] {dagbag.py:588} INFO - Filling up the DagBag from /opt/airflow/dags/reddit_dag.py
[2025-02-09T10:04:29.092+0000] {logging_mixin.py:190} INFO - [2025-02-09T10:04:29.088+0000] {dagbag.py:387} ERROR - Failed to import: /opt/airflow/dags/reddit_dag.py
Traceback (most recent call last):
  File "/home/airflow/.local/lib/python3.9/site-packages/airflow/models/dagbag.py", line 383, in parse
    loader.exec_module(new_module)
  File "<frozen importlib._bootstrap_external>", line 850, in exec_module
  File "<frozen importlib._bootstrap>", line 228, in _call_with_frames_removed
  File "/opt/airflow/dags/reddit_dag.py", line 43, in <module>
    python_callable =upload_s3_pipeline,
NameError: name 'upload_s3_pipeline' is not defined
[2025-02-09T10:04:29.093+0000] {processor.py:927} WARNING - No viable dags retrieved from /opt/airflow/dags/reddit_dag.py
[2025-02-09T10:04:29.110+0000] {processor.py:208} INFO - Processing /opt/airflow/dags/reddit_dag.py took 0.475 seconds
[2025-02-09T10:04:59.612+0000] {processor.py:186} INFO - Started process (PID=462) to work on /opt/airflow/dags/reddit_dag.py
[2025-02-09T10:04:59.613+0000] {processor.py:914} INFO - Processing file /opt/airflow/dags/reddit_dag.py for tasks to queue
[2025-02-09T10:04:59.615+0000] {logging_mixin.py:190} INFO - [2025-02-09T10:04:59.615+0000] {dagbag.py:588} INFO - Filling up the DagBag from /opt/airflow/dags/reddit_dag.py
[2025-02-09T10:05:00.084+0000] {logging_mixin.py:190} INFO - [2025-02-09T10:05:00.081+0000] {dagbag.py:387} ERROR - Failed to import: /opt/airflow/dags/reddit_dag.py
Traceback (most recent call last):
  File "/home/airflow/.local/lib/python3.9/site-packages/airflow/models/dagbag.py", line 383, in parse
    loader.exec_module(new_module)
  File "<frozen importlib._bootstrap_external>", line 850, in exec_module
  File "<frozen importlib._bootstrap>", line 228, in _call_with_frames_removed
  File "/opt/airflow/dags/reddit_dag.py", line 43, in <module>
    python_callable =upload_s3_pipeline,
NameError: name 'upload_s3_pipeline' is not defined
[2025-02-09T10:05:00.085+0000] {processor.py:927} WARNING - No viable dags retrieved from /opt/airflow/dags/reddit_dag.py
[2025-02-09T10:05:00.105+0000] {processor.py:208} INFO - Processing /opt/airflow/dags/reddit_dag.py took 0.500 seconds
[2025-02-09T10:05:30.743+0000] {processor.py:186} INFO - Started process (PID=471) to work on /opt/airflow/dags/reddit_dag.py
[2025-02-09T10:05:30.744+0000] {processor.py:914} INFO - Processing file /opt/airflow/dags/reddit_dag.py for tasks to queue
[2025-02-09T10:05:30.746+0000] {logging_mixin.py:190} INFO - [2025-02-09T10:05:30.746+0000] {dagbag.py:588} INFO - Filling up the DagBag from /opt/airflow/dags/reddit_dag.py
[2025-02-09T10:05:31.202+0000] {logging_mixin.py:190} INFO - [2025-02-09T10:05:31.198+0000] {dagbag.py:387} ERROR - Failed to import: /opt/airflow/dags/reddit_dag.py
Traceback (most recent call last):
  File "/home/airflow/.local/lib/python3.9/site-packages/airflow/models/dagbag.py", line 383, in parse
    loader.exec_module(new_module)
  File "<frozen importlib._bootstrap_external>", line 850, in exec_module
  File "<frozen importlib._bootstrap>", line 228, in _call_with_frames_removed
  File "/opt/airflow/dags/reddit_dag.py", line 43, in <module>
    python_callable =upload_s3_pipeline,
NameError: name 'upload_s3_pipeline' is not defined
[2025-02-09T10:05:31.203+0000] {processor.py:927} WARNING - No viable dags retrieved from /opt/airflow/dags/reddit_dag.py
[2025-02-09T10:05:31.220+0000] {processor.py:208} INFO - Processing /opt/airflow/dags/reddit_dag.py took 0.483 seconds
[2025-02-09T10:06:01.911+0000] {processor.py:186} INFO - Started process (PID=480) to work on /opt/airflow/dags/reddit_dag.py
[2025-02-09T10:06:01.912+0000] {processor.py:914} INFO - Processing file /opt/airflow/dags/reddit_dag.py for tasks to queue
[2025-02-09T10:06:01.913+0000] {logging_mixin.py:190} INFO - [2025-02-09T10:06:01.913+0000] {dagbag.py:588} INFO - Filling up the DagBag from /opt/airflow/dags/reddit_dag.py
[2025-02-09T10:06:02.353+0000] {logging_mixin.py:190} INFO - [2025-02-09T10:06:02.350+0000] {dagbag.py:387} ERROR - Failed to import: /opt/airflow/dags/reddit_dag.py
Traceback (most recent call last):
  File "/home/airflow/.local/lib/python3.9/site-packages/airflow/models/dagbag.py", line 383, in parse
    loader.exec_module(new_module)
  File "<frozen importlib._bootstrap_external>", line 850, in exec_module
  File "<frozen importlib._bootstrap>", line 228, in _call_with_frames_removed
  File "/opt/airflow/dags/reddit_dag.py", line 43, in <module>
    python_callable =upload_s3_pipeline,
NameError: name 'upload_s3_pipeline' is not defined
[2025-02-09T10:06:02.355+0000] {processor.py:927} WARNING - No viable dags retrieved from /opt/airflow/dags/reddit_dag.py
[2025-02-09T10:06:02.375+0000] {processor.py:208} INFO - Processing /opt/airflow/dags/reddit_dag.py took 0.470 seconds
