[2025-02-08T22:05:20.727+0000] {manager.py:483} INFO - Processing files using up to 2 processes at a time 
[2025-02-08T22:05:20.730+0000] {manager.py:484} INFO - Process each file at most once every 30 seconds
[2025-02-08T22:05:20.732+0000] {manager.py:485} INFO - Checking for new files in /opt/airflow/dags every 300 seconds
[2025-02-08T22:05:20.733+0000] {manager.py:821} INFO - Searching for files in /opt/airflow/dags
[2025-02-08T22:05:21.205+0000] {manager.py:824} INFO - There are 1 files in /opt/airflow/dags
[2025-02-08T22:05:21.281+0000] {manager.py:997} INFO - 
================================================================================
DAG File Processing Stats

File Path                          PID  Runtime      # DAGs    # Errors  Last Runtime    Last Run      Last # of DB Queries
-------------------------------  -----  ---------  --------  ----------  --------------  ----------  ----------------------
/opt/airflow/dags/reddit_dag.py     54  0.03s             0           0                                                   0
================================================================================
[2025-02-08T22:05:49.954+0000] {manager.py:997} INFO - 
================================================================================
DAG File Processing Stats

File Path                        PID    Runtime      # DAGs    # Errors  Last Runtime    Last Run               Last # of DB Queries
-------------------------------  -----  ---------  --------  ----------  --------------  -------------------  ----------------------
/opt/airflow/dags/reddit_dag.py                           1           0  2.32s           2025-02-08T22:05:23                      45
================================================================================
[2025-02-08T22:06:18.425+0000] {manager.py:997} INFO - 
================================================================================
DAG File Processing Stats

File Path                        PID    Runtime      # DAGs    # Errors  Last Runtime    Last Run               Last # of DB Queries
-------------------------------  -----  ---------  --------  ----------  --------------  -------------------  ----------------------
/opt/airflow/dags/reddit_dag.py                           1           0  1.94s           2025-02-08T22:05:56                      12
================================================================================
[2025-02-08T22:06:47.034+0000] {manager.py:997} INFO - 
================================================================================
DAG File Processing Stats

File Path                        PID    Runtime      # DAGs    # Errors  Last Runtime    Last Run               Last # of DB Queries
-------------------------------  -----  ---------  --------  ----------  --------------  -------------------  ----------------------
/opt/airflow/dags/reddit_dag.py                           1           0  0.87s           2025-02-08T22:06:28                      12
================================================================================
[2025-02-08T22:07:15.983+0000] {manager.py:997} INFO - 
================================================================================
DAG File Processing Stats

File Path                        PID    Runtime      # DAGs    # Errors  Last Runtime    Last Run               Last # of DB Queries
-------------------------------  -----  ---------  --------  ----------  --------------  -------------------  ----------------------
/opt/airflow/dags/reddit_dag.py                           1           0  0.53s           2025-02-08T22:06:59                      12
================================================================================
[2025-02-08T22:07:45.075+0000] {manager.py:997} INFO - 
================================================================================
DAG File Processing Stats

File Path                        PID    Runtime      # DAGs    # Errors  Last Runtime    Last Run               Last # of DB Queries
-------------------------------  -----  ---------  --------  ----------  --------------  -------------------  ----------------------
/opt/airflow/dags/reddit_dag.py                           1           0  0.56s           2025-02-08T22:07:30                      12
================================================================================
[2025-02-08T22:08:13.897+0000] {manager.py:997} INFO - 
================================================================================
DAG File Processing Stats

File Path                        PID    Runtime      # DAGs    # Errors  Last Runtime    Last Run               Last # of DB Queries
-------------------------------  -----  ---------  --------  ----------  --------------  -------------------  ----------------------
/opt/airflow/dags/reddit_dag.py                           1           0  0.51s           2025-02-08T22:08:01                      12
================================================================================
[2025-02-08T22:08:26.780+0000] {manager.py:465} INFO - Exiting gracefully upon receiving signal 15
